This file contains any messages produced by compilers while
running configure, to aid debugging if configure makes a mistake.

It was created by isync configure 1.3.0, which was
generated by GNU Autoconf 2.69.  Invocation command line was

  $ ./configure 

## --------- ##
## Platform. ##
## --------- ##

hostname = Abhis-MacBook-Pro.local
uname -m = x86_64
uname -r = 16.1.0
uname -s = Darwin
uname -v = Darwin Kernel Version 16.1.0: Wed Oct 19 20:31:56 PDT 2016; root:xnu-3789.21.4~4/RELEASE_X86_64

/usr/bin/uname -p = i386
/bin/uname -X     = unknown

/bin/arch              = unknown
/usr/bin/arch -k       = unknown
/usr/convex/getsysinfo = unknown
/usr/bin/hostinfo      = Mach kernel version:
	 Darwin Kernel Version 16.1.0: Wed Oct 19 20:31:56 PDT 2016; root:xnu-3789.21.4~4/RELEASE_X86_64
Kernel configured for up to 8 processors.
4 processors are physically available.
8 processors are logically available.
Processor type: x86_64h (Intel x86-64h Haswell)
Processors active: 0 1 2 3 4 5 6 7
Primary memory available: 16.00 gigabytes
Default processor set: 316 tasks, 1374 threads, 8 processors
Load average: 1.81, Mach factor: 6.18
/bin/machine           = unknown
/usr/bin/oslevel       = unknown
/bin/universe          = unknown

PATH: /opt/local/bin
PATH: /opt/local/sbin
PATH: /Users/abhigoyal/anaconda/bin
PATH: /usr/local/bin
PATH: /usr/bin
PATH: /bin
PATH: /usr/sbin
PATH: /sbin
PATH: /opt/X11/bin
PATH: /Library/TeX/texbin


## ----------- ##
## Core tests. ##
## ----------- ##

configure:2232: checking for a BSD-compatible install
configure:2300: result: /usr/bin/install -c
configure:2311: checking whether build environment is sane
configure:2366: result: yes
configure:2517: checking for a thread-safe mkdir -p
configure:2556: result: ./install-sh -c -d
configure:2563: checking for gawk
configure:2593: result: no
configure:2563: checking for mawk
configure:2593: result: no
configure:2563: checking for nawk
configure:2593: result: no
configure:2563: checking for awk
configure:2579: found /usr/bin/awk
configure:2590: result: awk
configure:2601: checking whether make sets $(MAKE)
configure:2623: result: yes
configure:2652: checking whether make supports nested variables
configure:2669: result: yes
configure:2796: checking whether to enable maintainer-specific portions of Makefiles
configure:2805: result: yes
configure:2831: checking for style of include used by make
configure:2859: result: GNU
configure:2930: checking for gcc
configure:2946: found /usr/bin/gcc
configure:2957: result: gcc
configure:3186: checking for C compiler version
configure:3195: gcc --version >&5
Apple LLVM version 8.1.0 (clang-802.0.42)
Target: x86_64-apple-darwin16.1.0
Thread model: posix
InstalledDir: /Applications/Xcode.app/Contents/Developer/Toolchains/XcodeDefault.xctoolchain/usr/bin
Configured with: --prefix=/Applications/Xcode.app/Contents/Developer/usr --with-gxx-include-dir=/usr/include/c++/4.2.1
configure:3206: $? = 0
configure:3195: gcc -v >&5
Configured with: --prefix=/Applications/Xcode.app/Contents/Developer/usr --with-gxx-include-dir=/usr/include/c++/4.2.1
Apple LLVM version 8.1.0 (clang-802.0.42)
Target: x86_64-apple-darwin16.1.0
Thread model: posix
InstalledDir: /Applications/Xcode.app/Contents/Developer/Toolchains/XcodeDefault.xctoolchain/usr/bin
configure:3206: $? = 0
configure:3195: gcc -V >&5
clang: error: argument to '-V' is missing (expected 1 value)
clang: error: no input files
configure:3206: $? = 1
configure:3195: gcc -qversion >&5
clang: error: unknown argument: '-qversion'
clang: error: no input files
configure:3206: $? = 1
configure:3226: checking whether the C compiler works
configure:3248: gcc    conftest.c  >&5
configure:3252: $? = 0
configure:3300: result: yes
configure:3303: checking for C compiler default output file name
configure:3305: result: a.out
configure:3311: checking for suffix of executables
configure:3318: gcc -o conftest    conftest.c  >&5
configure:3322: $? = 0
configure:3344: result: 
configure:3366: checking whether we are cross compiling
configure:3374: gcc -o conftest    conftest.c  >&5
configure:3378: $? = 0
configure:3385: ./conftest
configure:3389: $? = 0
configure:3404: result: no
configure:3409: checking for suffix of object files
configure:3431: gcc -c   conftest.c >&5
configure:3435: $? = 0
configure:3456: result: o
configure:3460: checking whether we are using the GNU C compiler
configure:3479: gcc -c   conftest.c >&5
configure:3479: $? = 0
configure:3488: result: yes
configure:3497: checking whether gcc accepts -g
configure:3517: gcc -c -g  conftest.c >&5
configure:3517: $? = 0
configure:3558: result: yes
configure:3575: checking for gcc option to accept ISO C89
configure:3638: gcc  -c -g -O2  conftest.c >&5
configure:3638: $? = 0
configure:3651: result: none needed
configure:3676: checking whether gcc understands -c and -o together
configure:3698: gcc -c conftest.c -o conftest2.o
configure:3701: $? = 0
configure:3698: gcc -c conftest.c -o conftest2.o
configure:3701: $? = 0
configure:3713: result: yes
configure:3732: checking dependency style of gcc
configure:3843: result: gcc3
configure:3858: checking for gcc option to accept ISO C99
configure:4007: gcc  -c -g -O2  conftest.c >&5
configure:4007: $? = 0
configure:4020: result: none needed
configure:4042: checking whether strftime supports %z
configure:4064: gcc -o conftest -g -O2 -pipe -W -Wall -Wshadow -Wstrict-prototypes -std=c99 -pedantic -Wno-overlength-strings  -D_GNU_SOURCE  conftest.c  >&5
configure:4064: $? = 0
configure:4064: ./conftest
configure:4064: $? = 0
configure:4074: result: yes
configure:4085: checking how to run the C preprocessor
configure:4116: gcc -E  -D_GNU_SOURCE conftest.c
configure:4116: $? = 0
configure:4130: gcc -E  -D_GNU_SOURCE conftest.c
conftest.c:11:10: fatal error: 'ac_nonexistent.h' file not found
#include <ac_nonexistent.h>
         ^
1 error generated.
configure:4130: $? = 1
configure: failed program was:
| /* confdefs.h */
| #define PACKAGE_NAME "isync"
| #define PACKAGE_TARNAME "isync"
| #define PACKAGE_VERSION "1.3.0"
| #define PACKAGE_STRING "isync 1.3.0"
| #define PACKAGE_BUGREPORT ""
| #define PACKAGE_URL ""
| #define PACKAGE "isync"
| #define VERSION "1.3.0"
| /* end confdefs.h.  */
| #include <ac_nonexistent.h>
configure:4155: result: gcc -E
configure:4175: gcc -E  -D_GNU_SOURCE conftest.c
configure:4175: $? = 0
configure:4189: gcc -E  -D_GNU_SOURCE conftest.c
conftest.c:11:10: fatal error: 'ac_nonexistent.h' file not found
#include <ac_nonexistent.h>
         ^
1 error generated.
configure:4189: $? = 1
configure: failed program was:
| /* confdefs.h */
| #define PACKAGE_NAME "isync"
| #define PACKAGE_TARNAME "isync"
| #define PACKAGE_VERSION "1.3.0"
| #define PACKAGE_STRING "isync 1.3.0"
| #define PACKAGE_BUGREPORT ""
| #define PACKAGE_URL ""
| #define PACKAGE "isync"
| #define VERSION "1.3.0"
| /* end confdefs.h.  */
| #include <ac_nonexistent.h>
configure:4218: checking for grep that handles long lines and -e
configure:4276: result: /usr/bin/grep
configure:4281: checking for egrep
configure:4343: result: /usr/bin/grep -E
configure:4348: checking for ANSI C header files
configure:4368: gcc -c -g -O2 -pipe -W -Wall -Wshadow -Wstrict-prototypes -std=c99 -pedantic -Wno-overlength-strings  -D_GNU_SOURCE conftest.c >&5
configure:4368: $? = 0
configure:4441: gcc -o conftest -g -O2 -pipe -W -Wall -Wshadow -Wstrict-prototypes -std=c99 -pedantic -Wno-overlength-strings  -D_GNU_SOURCE  conftest.c  >&5
configure:4441: $? = 0
configure:4441: ./conftest
configure:4441: $? = 0
configure:4452: result: yes
configure:4465: checking for sys/types.h
configure:4465: gcc -c -g -O2 -pipe -W -Wall -Wshadow -Wstrict-prototypes -std=c99 -pedantic -Wno-overlength-strings  -D_GNU_SOURCE conftest.c >&5
configure:4465: $? = 0
configure:4465: result: yes
configure:4465: checking for sys/stat.h
configure:4465: gcc -c -g -O2 -pipe -W -Wall -Wshadow -Wstrict-prototypes -std=c99 -pedantic -Wno-overlength-strings  -D_GNU_SOURCE conftest.c >&5
configure:4465: $? = 0
configure:4465: result: yes
configure:4465: checking for stdlib.h
configure:4465: gcc -c -g -O2 -pipe -W -Wall -Wshadow -Wstrict-prototypes -std=c99 -pedantic -Wno-overlength-strings  -D_GNU_SOURCE conftest.c >&5
configure:4465: $? = 0
configure:4465: result: yes
configure:4465: checking for string.h
configure:4465: gcc -c -g -O2 -pipe -W -Wall -Wshadow -Wstrict-prototypes -std=c99 -pedantic -Wno-overlength-strings  -D_GNU_SOURCE conftest.c >&5
configure:4465: $? = 0
configure:4465: result: yes
configure:4465: checking for memory.h
configure:4465: gcc -c -g -O2 -pipe -W -Wall -Wshadow -Wstrict-prototypes -std=c99 -pedantic -Wno-overlength-strings  -D_GNU_SOURCE conftest.c >&5
configure:4465: $? = 0
configure:4465: result: yes
configure:4465: checking for strings.h
configure:4465: gcc -c -g -O2 -pipe -W -Wall -Wshadow -Wstrict-prototypes -std=c99 -pedantic -Wno-overlength-strings  -D_GNU_SOURCE conftest.c >&5
configure:4465: $? = 0
configure:4465: result: yes
configure:4465: checking for inttypes.h
configure:4465: gcc -c -g -O2 -pipe -W -Wall -Wshadow -Wstrict-prototypes -std=c99 -pedantic -Wno-overlength-strings  -D_GNU_SOURCE conftest.c >&5
configure:4465: $? = 0
configure:4465: result: yes
configure:4465: checking for stdint.h
configure:4465: gcc -c -g -O2 -pipe -W -Wall -Wshadow -Wstrict-prototypes -std=c99 -pedantic -Wno-overlength-strings  -D_GNU_SOURCE conftest.c >&5
configure:4465: $? = 0
configure:4465: result: yes
configure:4465: checking for unistd.h
configure:4465: gcc -c -g -O2 -pipe -W -Wall -Wshadow -Wstrict-prototypes -std=c99 -pedantic -Wno-overlength-strings  -D_GNU_SOURCE conftest.c >&5
configure:4465: $? = 0
configure:4465: result: yes
configure:4480: checking sys/poll.h usability
configure:4480: gcc -c -g -O2 -pipe -W -Wall -Wshadow -Wstrict-prototypes -std=c99 -pedantic -Wno-overlength-strings  -D_GNU_SOURCE conftest.c >&5
configure:4480: $? = 0
configure:4480: result: yes
configure:4480: checking sys/poll.h presence
configure:4480: gcc -E  -D_GNU_SOURCE conftest.c
configure:4480: $? = 0
configure:4480: result: yes
configure:4480: checking for sys/poll.h
configure:4480: result: yes
configure:4480: checking sys/select.h usability
configure:4480: gcc -c -g -O2 -pipe -W -Wall -Wshadow -Wstrict-prototypes -std=c99 -pedantic -Wno-overlength-strings  -D_GNU_SOURCE conftest.c >&5
configure:4480: $? = 0
configure:4480: result: yes
configure:4480: checking sys/select.h presence
configure:4480: gcc -E  -D_GNU_SOURCE conftest.c
configure:4480: $? = 0
configure:4480: result: yes
configure:4480: checking for sys/select.h
configure:4480: result: yes
configure:4493: checking for vasprintf
configure:4493: gcc -o conftest -g -O2 -pipe -W -Wall -Wshadow -Wstrict-prototypes -std=c99 -pedantic -Wno-overlength-strings  -D_GNU_SOURCE  conftest.c  >&5
conftest.c:57:19: warning: format string missing [-Wformat]
return vasprintf ();
       ~~~~~~~~~  ^
1 warning generated.
configure:4493: $? = 0
configure:4493: result: yes
configure:4493: checking for strnlen
configure:4493: gcc -o conftest -g -O2 -pipe -W -Wall -Wshadow -Wstrict-prototypes -std=c99 -pedantic -Wno-overlength-strings  -D_GNU_SOURCE  conftest.c  >&5
configure:4493: $? = 0
configure:4493: result: yes
configure:4493: checking for memrchr
configure:4493: gcc -o conftest -g -O2 -pipe -W -Wall -Wshadow -Wstrict-prototypes -std=c99 -pedantic -Wno-overlength-strings  -D_GNU_SOURCE  conftest.c  >&5
Undefined symbols for architecture x86_64:
  "_memrchr", referenced from:
      _main in conftest-dc680d.o
ld: symbol(s) not found for architecture x86_64
clang: error: linker command failed with exit code 1 (use -v to see invocation)
configure:4493: $? = 1
configure: failed program was:
| /* confdefs.h */
| #define PACKAGE_NAME "isync"
| #define PACKAGE_TARNAME "isync"
| #define PACKAGE_VERSION "1.3.0"
| #define PACKAGE_STRING "isync 1.3.0"
| #define PACKAGE_BUGREPORT ""
| #define PACKAGE_URL ""
| #define PACKAGE "isync"
| #define VERSION "1.3.0"
| #define STDC_HEADERS 1
| #define HAVE_SYS_TYPES_H 1
| #define HAVE_SYS_STAT_H 1
| #define HAVE_STDLIB_H 1
| #define HAVE_STRING_H 1
| #define HAVE_MEMORY_H 1
| #define HAVE_STRINGS_H 1
| #define HAVE_INTTYPES_H 1
| #define HAVE_STDINT_H 1
| #define HAVE_UNISTD_H 1
| #define HAVE_SYS_POLL_H 1
| #define HAVE_SYS_SELECT_H 1
| #define HAVE_VASPRINTF 1
| #define HAVE_STRNLEN 1
| /* end confdefs.h.  */
| /* Define memrchr to an innocuous variant, in case <limits.h> declares memrchr.
|    For example, HP-UX 11i <limits.h> declares gettimeofday.  */
| #define memrchr innocuous_memrchr
| 
| /* System header to define __stub macros and hopefully few prototypes,
|     which can conflict with char memrchr (); below.
|     Prefer <limits.h> to <assert.h> if __STDC__ is defined, since
|     <limits.h> exists even on freestanding compilers.  */
| 
| #ifdef __STDC__
| # include <limits.h>
| #else
| # include <assert.h>
| #endif
| 
| #undef memrchr
| 
| /* Override any GCC internal prototype to avoid an error.
|    Use char because int might match the return type of a GCC
|    builtin and then its argument prototype would still apply.  */
| #ifdef __cplusplus
| extern "C"
| #endif
| char memrchr ();
| /* The GNU C library defines this for functions which it implements
|     to always fail with ENOSYS.  Some functions are actually named
|     something starting with __ and the normal name is an alias.  */
| #if defined __stub_memrchr || defined __stub___memrchr
| choke me
| #endif
| 
| int
| main ()
| {
| return memrchr ();
|   ;
|   return 0;
| }
configure:4493: result: no
configure:4493: checking for timegm
configure:4493: gcc -o conftest -g -O2 -pipe -W -Wall -Wshadow -Wstrict-prototypes -std=c99 -pedantic -Wno-overlength-strings  -D_GNU_SOURCE  conftest.c  >&5
configure:4493: $? = 0
configure:4493: result: yes
configure:4503: checking for socket in -lsocket
configure:4528: gcc -o conftest -g -O2 -pipe -W -Wall -Wshadow -Wstrict-prototypes -std=c99 -pedantic -Wno-overlength-strings  -D_GNU_SOURCE  conftest.c -lsocket   >&5
ld: library not found for -lsocket
clang: error: linker command failed with exit code 1 (use -v to see invocation)
configure:4528: $? = 1
configure: failed program was:
| /* confdefs.h */
| #define PACKAGE_NAME "isync"
| #define PACKAGE_TARNAME "isync"
| #define PACKAGE_VERSION "1.3.0"
| #define PACKAGE_STRING "isync 1.3.0"
| #define PACKAGE_BUGREPORT ""
| #define PACKAGE_URL ""
| #define PACKAGE "isync"
| #define VERSION "1.3.0"
| #define STDC_HEADERS 1
| #define HAVE_SYS_TYPES_H 1
| #define HAVE_SYS_STAT_H 1
| #define HAVE_STDLIB_H 1
| #define HAVE_STRING_H 1
| #define HAVE_MEMORY_H 1
| #define HAVE_STRINGS_H 1
| #define HAVE_INTTYPES_H 1
| #define HAVE_STDINT_H 1
| #define HAVE_UNISTD_H 1
| #define HAVE_SYS_POLL_H 1
| #define HAVE_SYS_SELECT_H 1
| #define HAVE_VASPRINTF 1
| #define HAVE_STRNLEN 1
| #define HAVE_TIMEGM 1
| /* end confdefs.h.  */
| 
| /* Override any GCC internal prototype to avoid an error.
|    Use char because int might match the return type of a GCC
|    builtin and then its argument prototype would still apply.  */
| #ifdef __cplusplus
| extern "C"
| #endif
| char socket ();
| int
| main ()
| {
| return socket ();
|   ;
|   return 0;
| }
configure:4537: result: no
configure:4543: checking for inet_ntoa in -lnsl
configure:4568: gcc -o conftest -g -O2 -pipe -W -Wall -Wshadow -Wstrict-prototypes -std=c99 -pedantic -Wno-overlength-strings  -D_GNU_SOURCE  conftest.c -lnsl   >&5
ld: library not found for -lnsl
clang: error: linker command failed with exit code 1 (use -v to see invocation)
configure:4568: $? = 1
configure: failed program was:
| /* confdefs.h */
| #define PACKAGE_NAME "isync"
| #define PACKAGE_TARNAME "isync"
| #define PACKAGE_VERSION "1.3.0"
| #define PACKAGE_STRING "isync 1.3.0"
| #define PACKAGE_BUGREPORT ""
| #define PACKAGE_URL ""
| #define PACKAGE "isync"
| #define VERSION "1.3.0"
| #define STDC_HEADERS 1
| #define HAVE_SYS_TYPES_H 1
| #define HAVE_SYS_STAT_H 1
| #define HAVE_STDLIB_H 1
| #define HAVE_STRING_H 1
| #define HAVE_MEMORY_H 1
| #define HAVE_STRINGS_H 1
| #define HAVE_INTTYPES_H 1
| #define HAVE_STDINT_H 1
| #define HAVE_UNISTD_H 1
| #define HAVE_SYS_POLL_H 1
| #define HAVE_SYS_SELECT_H 1
| #define HAVE_VASPRINTF 1
| #define HAVE_STRNLEN 1
| #define HAVE_TIMEGM 1
| /* end confdefs.h.  */
| 
| /* Override any GCC internal prototype to avoid an error.
|    Use char because int might match the return type of a GCC
|    builtin and then its argument prototype would still apply.  */
| #ifdef __cplusplus
| extern "C"
| #endif
| char inet_ntoa ();
| int
| main ()
| {
| return inet_ntoa ();
|   ;
|   return 0;
| }
configure:4577: result: no
configure:4591: checking for getaddrinfo
configure:4591: gcc -o conftest -g -O2 -pipe -W -Wall -Wshadow -Wstrict-prototypes -std=c99 -pedantic -Wno-overlength-strings  -D_GNU_SOURCE  conftest.c   >&5
configure:4591: $? = 0
configure:4591: result: yes
configure:4591: checking for inet_ntop
configure:4591: gcc -o conftest -g -O2 -pipe -W -Wall -Wshadow -Wstrict-prototypes -std=c99 -pedantic -Wno-overlength-strings  -D_GNU_SOURCE  conftest.c   >&5
configure:4591: $? = 0
configure:4591: result: yes
configure:4673: checking for pkg-config
configure:4691: found /usr/local/bin/pkg-config
configure:4703: result: /usr/local/bin/pkg-config
configure:4728: checking pkg-config is at least version 0.9.0
configure:4731: result: yes
configure:4740: checking OpenSSL presence with pkg-config
configure:4747: result: found
configure:4888: checking openssl/ssl.h usability
configure:4888: gcc -c -g -O2 -pipe -W -Wall -Wshadow -Wstrict-prototypes -std=c99 -pedantic -Wno-overlength-strings  -D_GNU_SOURCE  conftest.c >&5
conftest.c:62:10: fatal error: 'openssl/ssl.h' file not found
#include <openssl/ssl.h>
         ^
1 error generated.
configure:4888: $? = 1
configure: failed program was:
| /* confdefs.h */
| #define PACKAGE_NAME "isync"
| #define PACKAGE_TARNAME "isync"
| #define PACKAGE_VERSION "1.3.0"
| #define PACKAGE_STRING "isync 1.3.0"
| #define PACKAGE_BUGREPORT ""
| #define PACKAGE_URL ""
| #define PACKAGE "isync"
| #define VERSION "1.3.0"
| #define STDC_HEADERS 1
| #define HAVE_SYS_TYPES_H 1
| #define HAVE_SYS_STAT_H 1
| #define HAVE_STDLIB_H 1
| #define HAVE_STRING_H 1
| #define HAVE_MEMORY_H 1
| #define HAVE_STRINGS_H 1
| #define HAVE_INTTYPES_H 1
| #define HAVE_STDINT_H 1
| #define HAVE_UNISTD_H 1
| #define HAVE_SYS_POLL_H 1
| #define HAVE_SYS_SELECT_H 1
| #define HAVE_VASPRINTF 1
| #define HAVE_STRNLEN 1
| #define HAVE_TIMEGM 1
| #define HAVE_GETADDRINFO 1
| #define HAVE_INET_NTOP 1
| #define HAVE_IPV6 1
| /* end confdefs.h.  */
| #include <stdio.h>
| #ifdef HAVE_SYS_TYPES_H
| # include <sys/types.h>
| #endif
| #ifdef HAVE_SYS_STAT_H
| # include <sys/stat.h>
| #endif
| #ifdef STDC_HEADERS
| # include <stdlib.h>
| # include <stddef.h>
| #else
| # ifdef HAVE_STDLIB_H
| #  include <stdlib.h>
| # endif
| #endif
| #ifdef HAVE_STRING_H
| # if !defined STDC_HEADERS && defined HAVE_MEMORY_H
| #  include <memory.h>
| # endif
| # include <string.h>
| #endif
| #ifdef HAVE_STRINGS_H
| # include <strings.h>
| #endif
| #ifdef HAVE_INTTYPES_H
| # include <inttypes.h>
| #endif
| #ifdef HAVE_STDINT_H
| # include <stdint.h>
| #endif
| #ifdef HAVE_UNISTD_H
| # include <unistd.h>
| #endif
| #include <openssl/ssl.h>
configure:4888: result: no
configure:4888: checking openssl/ssl.h presence
configure:4888: gcc -E  -D_GNU_SOURCE  conftest.c
conftest.c:29:10: fatal error: 'openssl/ssl.h' file not found
#include <openssl/ssl.h>
         ^
1 error generated.
configure:4888: $? = 1
configure: failed program was:
| /* confdefs.h */
| #define PACKAGE_NAME "isync"
| #define PACKAGE_TARNAME "isync"
| #define PACKAGE_VERSION "1.3.0"
| #define PACKAGE_STRING "isync 1.3.0"
| #define PACKAGE_BUGREPORT ""
| #define PACKAGE_URL ""
| #define PACKAGE "isync"
| #define VERSION "1.3.0"
| #define STDC_HEADERS 1
| #define HAVE_SYS_TYPES_H 1
| #define HAVE_SYS_STAT_H 1
| #define HAVE_STDLIB_H 1
| #define HAVE_STRING_H 1
| #define HAVE_MEMORY_H 1
| #define HAVE_STRINGS_H 1
| #define HAVE_INTTYPES_H 1
| #define HAVE_STDINT_H 1
| #define HAVE_UNISTD_H 1
| #define HAVE_SYS_POLL_H 1
| #define HAVE_SYS_SELECT_H 1
| #define HAVE_VASPRINTF 1
| #define HAVE_STRNLEN 1
| #define HAVE_TIMEGM 1
| #define HAVE_GETADDRINFO 1
| #define HAVE_INET_NTOP 1
| #define HAVE_IPV6 1
| /* end confdefs.h.  */
| #include <openssl/ssl.h>
configure:4888: result: no
configure:4888: checking for openssl/ssl.h
configure:4888: result: no
configure:4931: checking for sasl_client_init in -lsasl2
configure:4956: gcc -o conftest -g -O2 -pipe -W -Wall -Wshadow -Wstrict-prototypes -std=c99 -pedantic -Wno-overlength-strings  -D_GNU_SOURCE   conftest.c -lsasl2   >&5
configure:4956: $? = 0
configure:4965: result: yes
configure:4976: checking sasl/sasl.h usability
configure:4976: gcc -c -g -O2 -pipe -W -Wall -Wshadow -Wstrict-prototypes -std=c99 -pedantic -Wno-overlength-strings  -D_GNU_SOURCE  conftest.c >&5
configure:4976: $? = 0
configure:4976: result: yes
configure:4976: checking sasl/sasl.h presence
configure:4976: gcc -E  -D_GNU_SOURCE  conftest.c
configure:4976: $? = 0
configure:4976: result: yes
configure:4976: checking for sasl/sasl.h
configure:4976: result: yes
configure:5000: checking for Berkeley DB >= 4.1
configure:5022: gcc -o conftest -g -O2 -pipe -W -Wall -Wshadow -Wstrict-prototypes -std=c99 -pedantic -Wno-overlength-strings  -D_GNU_SOURCE    conftest.c  -ldb >&5
conftest.c:35:10: warning: implicit declaration of function 'db_create' is invalid in C99 [-Wimplicit-function-declaration]
                db_create(&db, 0, 0);
                ^
conftest.c:36:14: error: no member named 'truncate' in 'struct __db'
                db->truncate(db, 0, 0, 0);
                ~~  ^
conftest.c:37:14: error: no member named 'open' in 'struct __db'
                db->open(db, 0, "foo", "foo", DB_HASH, DB_CREATE, 0)
                ~~  ^
conftest.c:37:49: error: use of undeclared identifier 'DB_CREATE'
                db->open(db, 0, "foo", "foo", DB_HASH, DB_CREATE, 0)
                                                       ^
1 warning and 3 errors generated.
configure:5022: $? = 1
configure: failed program was:
| /* confdefs.h */
| #define PACKAGE_NAME "isync"
| #define PACKAGE_TARNAME "isync"
| #define PACKAGE_VERSION "1.3.0"
| #define PACKAGE_STRING "isync 1.3.0"
| #define PACKAGE_BUGREPORT ""
| #define PACKAGE_URL ""
| #define PACKAGE "isync"
| #define VERSION "1.3.0"
| #define STDC_HEADERS 1
| #define HAVE_SYS_TYPES_H 1
| #define HAVE_SYS_STAT_H 1
| #define HAVE_STDLIB_H 1
| #define HAVE_STRING_H 1
| #define HAVE_MEMORY_H 1
| #define HAVE_STRINGS_H 1
| #define HAVE_INTTYPES_H 1
| #define HAVE_STDINT_H 1
| #define HAVE_UNISTD_H 1
| #define HAVE_SYS_POLL_H 1
| #define HAVE_SYS_SELECT_H 1
| #define HAVE_VASPRINTF 1
| #define HAVE_STRNLEN 1
| #define HAVE_TIMEGM 1
| #define HAVE_GETADDRINFO 1
| #define HAVE_INET_NTOP 1
| #define HAVE_IPV6 1
| #define HAVE_LIBSASL 1
| /* end confdefs.h.  */
| #include <db.h>
| int
| main ()
| {
| DB *db;
| 	        db_create(&db, 0, 0);
| 	        db->truncate(db, 0, 0, 0);
| 	        db->open(db, 0, "foo", "foo", DB_HASH, DB_CREATE, 0)
|   ;
|   return 0;
| }
configure:5030: result: no
configure:5048: checking for deflate in -lz
configure:5073: gcc -o conftest -g -O2 -pipe -W -Wall -Wshadow -Wstrict-prototypes -std=c99 -pedantic -Wno-overlength-strings  -D_GNU_SOURCE    conftest.c -lz   >&5
configure:5073: $? = 0
configure:5082: result: yes
configure:5085: checking zlib.h usability
configure:5085: gcc -c -g -O2 -pipe -W -Wall -Wshadow -Wstrict-prototypes -std=c99 -pedantic -Wno-overlength-strings  -D_GNU_SOURCE  conftest.c >&5
configure:5085: $? = 0
configure:5085: result: yes
configure:5085: checking zlib.h presence
configure:5085: gcc -E  -D_GNU_SOURCE  conftest.c
configure:5085: $? = 0
configure:5085: result: yes
configure:5085: checking for zlib.h
configure:5085: result: yes
configure:5110: checking for getopt_long
configure:5110: gcc -o conftest -g -O2 -pipe -W -Wall -Wshadow -Wstrict-prototypes -std=c99 -pedantic -Wno-overlength-strings  -D_GNU_SOURCE    conftest.c  >&5
configure:5110: $? = 0
configure:5110: result: yes
configure:5248: checking that generated files are newer than configure
configure:5254: result: done
configure:5289: creating ./config.status

## ---------------------- ##
## Running config.status. ##
## ---------------------- ##

This file was extended by isync config.status 1.3.0, which was
generated by GNU Autoconf 2.69.  Invocation command line was

  CONFIG_FILES    = 
  CONFIG_HEADERS  = 
  CONFIG_LINKS    = 
  CONFIG_COMMANDS = 
  $ ./config.status 

on Abhis-MacBook-Pro.local

config.status:882: creating Makefile
config.status:882: creating src/Makefile
config.status:882: creating src/compat/Makefile
config.status:882: creating isync.spec
config.status:882: creating autodefs.h
config.status:1111: executing depfiles commands
configure:6609: result: 
configure:6615: result: Not using SSL
configure:6619: result: Using SASL
configure:6626: result: Using zlib
configure:6636: result: Not using Berkeley DB
configure:6639: result: 

## ---------------- ##
## Cache variables. ##
## ---------------- ##

ac_cv_berkdb4=no
ac_cv_c_compiler_gnu=yes
ac_cv_env_CC_set=
ac_cv_env_CC_value=
ac_cv_env_CFLAGS_set=
ac_cv_env_CFLAGS_value=
ac_cv_env_CPPFLAGS_set=
ac_cv_env_CPPFLAGS_value=
ac_cv_env_CPP_set=
ac_cv_env_CPP_value=
ac_cv_env_LDFLAGS_set=
ac_cv_env_LDFLAGS_value=
ac_cv_env_LIBS_set=
ac_cv_env_LIBS_value=
ac_cv_env_PKG_CONFIG_LIBDIR_set=
ac_cv_env_PKG_CONFIG_LIBDIR_value=
ac_cv_env_PKG_CONFIG_PATH_set=
ac_cv_env_PKG_CONFIG_PATH_value=
ac_cv_env_PKG_CONFIG_set=
ac_cv_env_PKG_CONFIG_value=
ac_cv_env_build_alias_set=
ac_cv_env_build_alias_value=
ac_cv_env_host_alias_set=
ac_cv_env_host_alias_value=
ac_cv_env_target_alias_set=
ac_cv_env_target_alias_value=
ac_cv_func_getaddrinfo=yes
ac_cv_func_getopt_long=yes
ac_cv_func_inet_ntop=yes
ac_cv_func_memrchr=no
ac_cv_func_strnlen=yes
ac_cv_func_timegm=yes
ac_cv_func_vasprintf=yes
ac_cv_header_inttypes_h=yes
ac_cv_header_memory_h=yes
ac_cv_header_openssl_ssl_h=no
ac_cv_header_sasl_sasl_h=yes
ac_cv_header_stdc=yes
ac_cv_header_stdint_h=yes
ac_cv_header_stdlib_h=yes
ac_cv_header_string_h=yes
ac_cv_header_strings_h=yes
ac_cv_header_sys_poll_h=yes
ac_cv_header_sys_select_h=yes
ac_cv_header_sys_stat_h=yes
ac_cv_header_sys_types_h=yes
ac_cv_header_unistd_h=yes
ac_cv_header_zlib_h=yes
ac_cv_lib_nsl_inet_ntoa=no
ac_cv_lib_sasl2_sasl_client_init=yes
ac_cv_lib_socket_socket=no
ac_cv_lib_z_deflate=yes
ac_cv_objext=o
ac_cv_path_EGREP='/usr/bin/grep -E'
ac_cv_path_GREP=/usr/bin/grep
ac_cv_path_ac_pt_PKG_CONFIG=/usr/local/bin/pkg-config
ac_cv_path_install='/usr/bin/install -c'
ac_cv_prog_AWK=awk
ac_cv_prog_CPP='gcc -E'
ac_cv_prog_ac_ct_CC=gcc
ac_cv_prog_cc_c89=
ac_cv_prog_cc_c99=
ac_cv_prog_cc_g=yes
ac_cv_prog_make_make_set=yes
am_cv_CC_dependencies_compiler_type=gcc3
am_cv_make_support_nested_variables=yes
am_cv_prog_cc_c_o=yes
ob_cv_strftime_z=yes

## ----------------- ##
## Output variables. ##
## ----------------- ##

ACLOCAL='${SHELL} /Users/abhigoyal/.emacs.d/isync/missing aclocal-1.15'
AMDEPBACKSLASH='\'
AMDEP_FALSE='#'
AMDEP_TRUE=''
AMTAR='$${TAR-tar}'
AM_BACKSLASH='\'
AM_DEFAULT_V='$(AM_DEFAULT_VERBOSITY)'
AM_DEFAULT_VERBOSITY='1'
AM_V='$(V)'
AUTOCONF='${SHELL} /Users/abhigoyal/.emacs.d/isync/missing autoconf'
AUTOHEADER='${SHELL} /Users/abhigoyal/.emacs.d/isync/missing autoheader'
AUTOMAKE='${SHELL} /Users/abhigoyal/.emacs.d/isync/missing automake-1.15'
AWK='awk'
CC='gcc'
CCDEPMODE='depmode=gcc3'
CFLAGS='-g -O2 -pipe -W -Wall -Wshadow -Wstrict-prototypes -std=c99 -pedantic -Wno-overlength-strings'
CPP='gcc -E'
CPPFLAGS=' -D_GNU_SOURCE '
CYGPATH_W='echo'
DB_LIBS=''
DEFS='-DHAVE_CONFIG_H'
DEPDIR='.deps'
ECHO_C='\c'
ECHO_N=''
ECHO_T=''
EGREP='/usr/bin/grep -E'
EXEEXT=''
GREP='/usr/bin/grep'
INSTALL_DATA='${INSTALL} -m 644'
INSTALL_PROGRAM='${INSTALL}'
INSTALL_SCRIPT='${INSTALL}'
INSTALL_STRIP_PROGRAM='$(install_sh) -c -s'
LDFLAGS=' '
LIBOBJS=''
LIBS=''
LTLIBOBJS=''
MAINT=''
MAINTAINER_MODE_FALSE='#'
MAINTAINER_MODE_TRUE=''
MAKEINFO='${SHELL} /Users/abhigoyal/.emacs.d/isync/missing makeinfo'
MKDIR_P='./install-sh -c -d'
OBJEXT='o'
PACKAGE='isync'
PACKAGE_BUGREPORT=''
PACKAGE_NAME='isync'
PACKAGE_STRING='isync 1.3.0'
PACKAGE_TARNAME='isync'
PACKAGE_URL=''
PACKAGE_VERSION='1.3.0'
PATH_SEPARATOR=':'
PKG_CONFIG='/usr/local/bin/pkg-config'
PKG_CONFIG_LIBDIR=''
PKG_CONFIG_PATH=''
SASL_LIBS='-lsasl2'
SET_MAKE=''
SHELL='/bin/sh'
SOCK_LIBS=''
SSL_LIBS='-lssl -lcrypto -lz'
STRIP=''
VERSION='1.3.0'
Z_LIBS='-lz'
ac_ct_CC='gcc'
am__EXEEXT_FALSE=''
am__EXEEXT_TRUE='#'
am__fastdepCC_FALSE='#'
am__fastdepCC_TRUE=''
am__include='include'
am__isrc=''
am__leading_dot='.'
am__nodep='_no'
am__quote=''
am__tar='$${TAR-tar} chof - "$$tardir"'
am__untar='$${TAR-tar} xf -'
bindir='${exec_prefix}/bin'
build_alias=''
datadir='${datarootdir}'
datarootdir='${prefix}/share'
docdir='${datarootdir}/doc/${PACKAGE_TARNAME}'
dvidir='${docdir}'
exec_prefix='${prefix}'
host_alias=''
htmldir='${docdir}'
includedir='${prefix}/include'
infodir='${datarootdir}/info'
install_sh='${SHELL} /Users/abhigoyal/.emacs.d/isync/install-sh'
libdir='${exec_prefix}/lib'
libexecdir='${exec_prefix}/libexec'
localedir='${datarootdir}/locale'
localstatedir='${prefix}/var'
mandir='${datarootdir}/man'
mkdir_p='$(MKDIR_P)'
oldincludedir='/usr/include'
pdfdir='${docdir}'
prefix='/usr/local'
program_transform_name='s,x,x,'
psdir='${docdir}'
runstatedir='${localstatedir}/run'
sbindir='${exec_prefix}/sbin'
sharedstatedir='${prefix}/com'
sysconfdir='${prefix}/etc'
target_alias=''
with_compat_FALSE=''
with_compat_TRUE='#'
with_mdconvert_FALSE=''
with_mdconvert_TRUE='#'

## ----------- ##
## confdefs.h. ##
## ----------- ##

/* confdefs.h */
#define PACKAGE_NAME "isync"
#define PACKAGE_TARNAME "isync"
#define PACKAGE_VERSION "1.3.0"
#define PACKAGE_STRING "isync 1.3.0"
#define PACKAGE_BUGREPORT ""
#define PACKAGE_URL ""
#define PACKAGE "isync"
#define VERSION "1.3.0"
#define STDC_HEADERS 1
#define HAVE_SYS_TYPES_H 1
#define HAVE_SYS_STAT_H 1
#define HAVE_STDLIB_H 1
#define HAVE_STRING_H 1
#define HAVE_MEMORY_H 1
#define HAVE_STRINGS_H 1
#define HAVE_INTTYPES_H 1
#define HAVE_STDINT_H 1
#define HAVE_UNISTD_H 1
#define HAVE_SYS_POLL_H 1
#define HAVE_SYS_SELECT_H 1
#define HAVE_VASPRINTF 1
#define HAVE_STRNLEN 1
#define HAVE_TIMEGM 1
#define HAVE_GETADDRINFO 1
#define HAVE_INET_NTOP 1
#define HAVE_IPV6 1
#define HAVE_LIBSASL 1
#define HAVE_LIBZ 1
#define HAVE_GETOPT_LONG 1

configure: exit 0
